c:\users\almaw\source\repos\imgui_edu_game_wizard\examples\example_win32_directx12\debug\vc143.pdb
c:\users\almaw\source\repos\imgui_edu_game_wizard\examples\example_win32_directx12\debug\vc143.idb
c:\users\almaw\source\repos\imgui_edu_game_wizard\examples\example_win32_directx12\debug\main.obj
c:\users\almaw\source\repos\imgui_edu_game_wizard\examples\example_win32_directx12\debug\imgui_impl_win32.obj
c:\users\almaw\source\repos\imgui_edu_game_wizard\examples\example_win32_directx12\debug\imgui_impl_dx12.obj
c:\users\almaw\source\repos\imgui_edu_game_wizard\examples\example_win32_directx12\debug\imgui_widgets.obj
c:\users\almaw\source\repos\imgui_edu_game_wizard\examples\example_win32_directx12\debug\imgui_tables.obj
c:\users\almaw\source\repos\imgui_edu_game_wizard\examples\example_win32_directx12\debug\imgui_draw.obj
c:\users\almaw\source\repos\imgui_edu_game_wizard\examples\example_win32_directx12\debug\imgui_demo.obj
c:\users\almaw\source\repos\imgui_edu_game_wizard\examples\example_win32_directx12\debug\imgui.obj
c:\users\almaw\source\repos\imgui_edu_game_wizard\examples\example_win32_directx12\debug\example_win32_directx12.exe
c:\users\almaw\source\repos\imgui_edu_game_wizard\examples\example_win32_directx12\debug\example_win32_directx12.pdb
c:\users\almaw\source\repos\imgui_edu_game_wizard\examples\example_win32_directx12\debug\example_win32_directx12.ilk
c:\users\almaw\source\repos\imgui_edu_game_wizard\examples\example_win32_directx12\debug\example_win32_directx12.vcxproj.filelistabsolute.txt
c:\users\almaw\source\repos\imgui_edu_game_wizard\examples\example_win32_directx12\debug\example_.b4cf9797.tlog\cl.command.1.tlog
c:\users\almaw\source\repos\imgui_edu_game_wizard\examples\example_win32_directx12\debug\example_.b4cf9797.tlog\cl.items.tlog
c:\users\almaw\source\repos\imgui_edu_game_wizard\examples\example_win32_directx12\debug\example_.b4cf9797.tlog\cl.read.1.tlog
c:\users\almaw\source\repos\imgui_edu_game_wizard\examples\example_win32_directx12\debug\example_.b4cf9797.tlog\cl.write.1.tlog
c:\users\almaw\source\repos\imgui_edu_game_wizard\examples\example_win32_directx12\debug\example_.b4cf9797.tlog\link.command.1.tlog
c:\users\almaw\source\repos\imgui_edu_game_wizard\examples\example_win32_directx12\debug\example_.b4cf9797.tlog\link.read.1.tlog
c:\users\almaw\source\repos\imgui_edu_game_wizard\examples\example_win32_directx12\debug\example_.b4cf9797.tlog\link.secondary.1.tlog
c:\users\almaw\source\repos\imgui_edu_game_wizard\examples\example_win32_directx12\debug\example_.b4cf9797.tlog\link.write.1.tlog
